#
# A fatal error has been detected by the Java Runtime Environment:
#
#  EXCEPTION_ACCESS_VIOLATION (0xc0000005) at pc=0x00007ff8c78d8082, pid=19092, tid=10300
#
# JRE version: Java(TM) SE Runtime Environment (21.0.2+13) (build 21.0.2+13-LTS-58)
# Java VM: Java HotSpot(TM) 64-Bit Server VM (21.0.2+13-LTS-58, mixed mode, sharing, tiered, compressed oops, compressed class ptrs, g1 gc, windows-amd64)
# Problematic frame:
# V  [jvm.dll+0x448082]
#
# No core dump will be written. Minidumps are not enabled by default on client versions of Windows
#
# If you would like to submit a bug report, please visit:
#   https://bugreport.java.com/bugreport/crash.jsp
#

---------------  S U M M A R Y ------------

Command Line: -Dfile.encoding=windows-1252 -Dsun.stdout.encoding=windows-1252 -Dsun.stderr.encoding=windows-1252 C:\Users\shaho\IdeaProjects\Runway-Redeclaration-Tool-SEGP-Group-45\out\artifacts\RunwayRedeclarationTool_jar\RunwayRedeclarationTool.jar

Host: AMD Ryzen 5 7600X 6-Core Processor             , 12 cores, 15G,  Windows 11 , 64 bit Build 22621 (10.0.22621.3235)
Time: Thu Mar 21 08:33:43 2024 GMT Standard Time elapsed time: 0.310868 seconds (0d 0h 0m 0s)

---------------  T H R E A D  ---------------

Current thread (0x000001b7224e2550):  JavaThread "WindowsNativeRunloopThread"        [_thread_in_vm, id=10300, stack(0x000000481a500000,0x000000481a600000) (1024K)]

Stack: [0x000000481a500000,0x000000481a600000],  sp=0x000000481a5fedf0,  free space=1019k
Native frames: (J=compiled Java code, j=interpreted, Vv=VM code, C=native code)
V  [jvm.dll+0x448082]
C  [glass.dll+0x510c]

Java frames: (J=compiled Java code, j=interpreted, Vv=VM code)
j  com.sun.glass.ui.win.WinApplication._runLoop(Ljava/lang/Runnable;)V+0
j  com.sun.glass.ui.win.WinApplication.lambda$runLoop$3(ILjava/lang/Runnable;)V+8
j  com.sun.glass.ui.win.WinApplication$$Lambda+0x000001b6de033c00.run()V+12
j  java.lang.Thread.runWith(Ljava/lang/Object;Ljava/lang/Runnable;)V+5 java.base@21.0.2
j  java.lang.Thread.run()V+19 java.base@21.0.2
v  ~StubRoutines::call_stub 0x000001b6ccaa10e7

siginfo: EXCEPTION_ACCESS_VIOLATION (0xc0000005), reading address 0x0000000000000000


Registers:
RAX=0x0000000000000000, RBX=0x000001b7224e2550, RCX=0x000001b7224e2908, RDX=0x000000481a5fefd8
RSP=0x000000481a5fedf0, RBP=0x000000481a5feef8, RSI=0x0000000000000000, RDI=0x000001b7224e2908
R8 =0x0000000000000000, R9 =0x000000481a5feef8, R10=0x0000000000000000, R11=0x0000000000000246
R12=0x0000000000000000, R13=0x000001b71e546140, R14=0x000000481a5fefd8, R15=0x000001b7224e2550
RIP=0x00007ff8c78d8082, EFLAGS=0x0000000000010246


Register to memory mapping:

RAX=0x0 is null
RBX=0x000001b7224e2550 is a thread
RCX=0x000001b7224e2908 points into unknown readable memory: 0x00007ff8c804e600 | 00 e6 04 c8 f8 7f 00 00
RDX=0x000000481a5fefd8 is pointing into the stack for thread: 0x000001b7224e2550
RSP=0x000000481a5fedf0 is pointing into the stack for thread: 0x000001b7224e2550
RBP=0x000000481a5feef8 is pointing into the stack for thread: 0x000001b7224e2550
RSI=0x0 is null
RDI=0x000001b7224e2908 points into unknown readable memory: 0x00007ff8c804e600 | 00 e6 04 c8 f8 7f 00 00
R8 =0x0 is null
R9 =0x000000481a5feef8 is pointing into the stack for thread: 0x000001b7224e2550
R10=0x0 is null
R11=0x0000000000000246 is an unknown value
R12=0x0 is null
R13={method} {0x000001b71e546148} '_runLoop' '(Ljava/lang/Runnable;)V' in 'com/sun/glass/ui/win/WinApplication'
R14=0x000000481a5fefd8 is pointing into the stack for thread: 0x000001b7224e2550
R15=0x000001b7224e2550 is a thread

Top of Stack: (sp=0x000000481a5fedf0)
0x000000481a5fedf0:   000000481a5fee00 00007ff8c7b00e7c
0x000000481a5fee00:   0000000000000000 000000481a5fee18
0x000000481a5fee10:   000000c464ffeec3 0000000000320030
0x000000481a5fee20:   00007ff95ed8ced0 00007ff95d0215e1
0x000000481a5fee30:   000000481a5feee8 0000000000000000
0x000000481a5fee40:   000001b7224e2550 0000000000000000
0x000000481a5fee50:   0000000000000000 00007ff95edb12f0
0x000000481a5fee60:   000001b7224e3730 00007ff95e6d548f
0x000000481a5fee70:   0000000000180016 00007ff95ed8ce28
0x000000481a5fee80:   000000481a5fee70 0000000000000000
0x000000481a5fee90:   000001b7224e2550 000000481a5fefe0
0x000000481a5feea0:   000001b7224e2908 00007ff8e1fe510c
0x000000481a5feeb0:   0000000000000000 000000481a5fefb8
0x000000481a5feec0:   000000481a5fefd8 000001b7224e2908
0x000000481a5feed0:   000000481a5fefd8 00007ff8e1fea706
0x000000481a5feee0:   000001b71e546140 0000004800000000
0x000000481a5feef0:   0000000000000000 0000000000000000
0x000000481a5fef00:   000001b6ccaa8924 000001b6ccaacd7c
0x000000481a5fef10:   000001b71e546140 000001b71e546140
0x000000481a5fef20:   000001b71e546140 000000481a5fefe0
0x000000481a5fef30:   000001b6ccaa8924 000001b6ccaacf0b
0x000000481a5fef40:   000001b71e546140 000000481a5ff610
0x000000481a5fef50:   3ff0000000000000 000001b7224e2550
0x000000481a5fef60:   000000481a5ff610 000001b6ccaacb9f
0x000000481a5fef70:   000000481a5fef70 000001b71e546140
0x000000481a5fef80:   0000000000000005 000001b71e56b0e0
0x000000481a5fef90:   0000000000000000 000000071b748d78
0x000000481a5fefa0:   000001b71e546140 0000000000000000
0x000000481a5fefb0:   000000481a5fefd8 000000481a5ff030
0x000000481a5fefc0:   000001b6ccaa8846 0000000000000000
0x000000481a5fefd0:   000001b6ccaaa397 000000071b42f6c8
0x000000481a5fefe0:   000000071b429070 000000481a5fefe8 

Instructions: (pc=0x00007ff8c78d8082)
0x00007ff8c78d7f82:   48 8b 4b 08 48 8b 43 18 48 89 41 18 48 8b 4b 08
0x00007ff8c78d7f92:   48 8b 43 20 48 89 41 20 48 8d 8f 98 03 00 00 e8
0x00007ff8c78d7fa2:   2a f1 ec ff 90 c7 87 4c 04 00 00 04 00 00 00 48
0x00007ff8c78d7fb2:   81 c4 b8 00 00 00 41 5f 41 5e 5f 5e 5d 5b c3 cc
0x00007ff8c78d7fc2:   cc cc cc cc cc cc cc cc cc cc cc cc cc cc 48 89
0x00007ff8c78d7fd2:   5c 24 08 48 89 6c 24 10 48 89 74 24 18 57 41 56
0x00007ff8c78d7fe2:   41 57 48 81 ec a0 00 00 00 8b 81 b8 00 00 00 48
0x00007ff8c78d7ff2:   8d 99 48 fc ff ff 05 53 21 ff ff 49 8b e9 49 8b
0x00007ff8c78d8002:   f0 4c 8b f2 48 8b f9 83 f8 01 77 08 48 8b cb e8
0x00007ff8c78d8012:   4a 41 fa ff 80 3d 74 c5 7d 00 00 c7 83 4c 04 00
0x00007ff8c78d8022:   00 06 00 00 00 75 06 e8 52 3a 27 00 90 48 8b 83
0x00007ff8c78d8032:   50 04 00 00 a8 01 74 0d 45 33 c0 b2 01 48 8b cb
0x00007ff8c78d8042:   e8 a9 36 2e 00 8b 83 48 04 00 00 a8 0c 74 08 48
0x00007ff8c78d8052:   8b cb e8 b7 56 fa ff c7 83 4c 04 00 00 06 00 00
0x00007ff8c78d8062:   00 48 83 7b 08 00 48 89 5c 24 50 48 c7 44 24 58
0x00007ff8c78d8072:   00 00 00 00 74 0a 48 8d 4c 24 50 e8 3e 00 2b 00
0x00007ff8c78d8082:   48 8b 16 48 8d 4c 24 70 c7 44 24 40 0e 00 00 00
0x00007ff8c78d8092:   e8 99 72 00 00 48 8d 44 24 70 48 89 5c 24 30 48
0x00007ff8c78d80a2:   89 44 24 28 4c 8d 3d 03 3e 5a 00 41 b9 01 00 00
0x00007ff8c78d80b2:   00 48 89 74 24 20 4d 8b c6 4c 89 7c 24 70 48 8d
0x00007ff8c78d80c2:   54 24 40 48 89 ac 24 98 00 00 00 48 8b cf e8 eb
0x00007ff8c78d80d2:   7f 00 00 48 83 7c 24 58 00 4c 89 7c 24 70 48 c7
0x00007ff8c78d80e2:   84 24 98 00 00 00 00 00 00 00 74 0a 48 8d 4c 24
0x00007ff8c78d80f2:   50 e8 48 00 2b 00 48 8b bb 98 01 00 00 48 8b 47
0x00007ff8c78d8102:   10 48 83 38 00 74 08 48 8b cf e8 2f 6d f5 ff 48
0x00007ff8c78d8112:   8b 4f 08 48 8b 47 10 48 89 41 10 48 8b 4f 08 48
0x00007ff8c78d8122:   8b 47 18 48 89 41 18 48 8b 4f 08 48 8b 47 20 48
0x00007ff8c78d8132:   89 41 20 48 8d 8b 98 03 00 00 e8 8f ef ec ff 4c
0x00007ff8c78d8142:   8d 9c 24 a0 00 00 00 90 49 8b 6b 28 49 8b 73 30
0x00007ff8c78d8152:   c7 83 4c 04 00 00 04 00 00 00 49 8b 5b 20 49 8b
0x00007ff8c78d8162:   e3 41 5f 41 5e 5f c3 cc cc cc cc cc cc cc 48 89
0x00007ff8c78d8172:   5c 24 08 48 89 6c 24 10 48 89 74 24 18 48 89 7c 


Stack slot to memory mapping:

stack at sp + 0 slots: 0x000000481a5fee00 is pointing into the stack for thread: 0x000001b7224e2550
stack at sp + 1 slots: 0x00007ff8c7b00e7c jvm.dll
stack at sp + 2 slots: 0x0 is null
stack at sp + 3 slots: 0x000000481a5fee18 is pointing into the stack for thread: 0x000001b7224e2550
stack at sp + 4 slots: 0x000000c464ffeec3 is an unknown value
stack at sp + 5 slots: 0x0000000000320030 is an unknown value
stack at sp + 6 slots: 0x00007ff95ed8ced0 ole32.dll
stack at sp + 7 slots: 0x00007ff95d0215e1 KERNELBASE.dll


---------------  P R O C E S S  ---------------

Threads class SMR info:
_java_thread_list=0x000001b7224d61f0, length=16, elements={
0x000001b6badc5e50, 0x000001b6dc31cc80, 0x000001b6dc31da90, 0x000001b6dc31fd00,
0x000001b6dc320ce0, 0x000001b6dc321960, 0x000001b6dc32b510, 0x000001b6dc3338f0,
0x000001b6dc339400, 0x000001b6dc5ecd60, 0x000001b6dc604840, 0x000001b6dc62f620,
0x000001b6dc711fe0, 0x000001b7223aad70, 0x000001b7224dc340, 0x000001b7224e2550
}

Java Threads: ( => current thread )
  0x000001b6badc5e50 JavaThread "main"                              [_thread_blocked, id=1872, stack(0x0000004818e00000,0x0000004818f00000) (1024K)]
  0x000001b6dc31cc80 JavaThread "Reference Handler"          daemon [_thread_blocked, id=3144, stack(0x0000004819600000,0x0000004819700000) (1024K)]
  0x000001b6dc31da90 JavaThread "Finalizer"                  daemon [_thread_blocked, id=1184, stack(0x0000004819700000,0x0000004819800000) (1024K)]
  0x000001b6dc31fd00 JavaThread "Signal Dispatcher"          daemon [_thread_blocked, id=10640, stack(0x0000004819800000,0x0000004819900000) (1024K)]
  0x000001b6dc320ce0 JavaThread "Attach Listener"            daemon [_thread_blocked, id=18684, stack(0x0000004819900000,0x0000004819a00000) (1024K)]
  0x000001b6dc321960 JavaThread "Service Thread"             daemon [_thread_blocked, id=8636, stack(0x0000004819a00000,0x0000004819b00000) (1024K)]
  0x000001b6dc32b510 JavaThread "Monitor Deflation Thread"   daemon [_thread_blocked, id=13352, stack(0x0000004819b00000,0x0000004819c00000) (1024K)]
  0x000001b6dc3338f0 JavaThread "C2 CompilerThread0"         daemon [_thread_blocked, id=3524, stack(0x0000004819c00000,0x0000004819d00000) (1024K)]
  0x000001b6dc339400 JavaThread "C1 CompilerThread0"         daemon [_thread_blocked, id=14188, stack(0x0000004819d00000,0x0000004819e00000) (1024K)]
  0x000001b6dc5ecd60 JavaThread "Notification Thread"        daemon [_thread_blocked, id=19264, stack(0x0000004819e00000,0x0000004819f00000) (1024K)]
  0x000001b6dc604840 JavaThread "Common-Cleaner"             daemon [_thread_blocked, id=21400, stack(0x0000004819f00000,0x000000481a000000) (1024K)]
  0x000001b6dc62f620 JavaThread "C2 CompilerThread1"         daemon [_thread_blocked, id=22452, stack(0x000000481a000000,0x000000481a100000) (1024K)]
  0x000001b6dc711fe0 JavaThread "JavaFX-Launcher"                   [_thread_blocked, id=11400, stack(0x000000481a100000,0x000000481a200000) (1024K)]
  0x000001b7223aad70 JavaThread "QuantumRenderer-0"          daemon [_thread_blocked, id=10924, stack(0x000000481a200000,0x000000481a300000) (1024K)]
  0x000001b7224dc340 JavaThread "InvokeLaterDispatcher"      daemon [_thread_blocked, id=7660, stack(0x000000481a400000,0x000000481a500000) (1024K)]
=>0x000001b7224e2550 JavaThread "WindowsNativeRunloopThread"        [_thread_in_vm, id=10300, stack(0x000000481a500000,0x000000481a600000) (1024K)]
Total: 16

Other Threads:
  0x000001b6dc300720 VMThread "VM Thread"                           [id=23504, stack(0x0000004819500000,0x0000004819600000) (1024K)]
  0x000001b6dc2e3e30 WatcherThread "VM Periodic Task Thread"        [id=18828, stack(0x0000004819400000,0x0000004819500000) (1024K)]
  0x000001b6bd168590 WorkerThread "GC Thread#0"                     [id=2856, stack(0x0000004818f00000,0x0000004819000000) (1024K)]
  0x000001b6bd178ab0 ConcurrentGCThread "G1 Main Marker"            [id=3940, stack(0x0000004819000000,0x0000004819100000) (1024K)]
  0x000001b6bd179dc0 WorkerThread "G1 Conc#0"                       [id=18840, stack(0x0000004819100000,0x0000004819200000) (1024K)]
  0x000001b6dc1ba520 ConcurrentGCThread "G1 Refine#0"               [id=12868, stack(0x0000004819200000,0x0000004819300000) (1024K)]
  0x000001b6bd1ce230 ConcurrentGCThread "G1 Service"                [id=7288, stack(0x0000004819300000,0x0000004819400000) (1024K)]
Total: 7

Threads with active compile tasks:
Total: 0

VM state: not at safepoint (normal execution)

VM Mutex/Monitor currently owned by a thread: None

Heap address: 0x000000070ce00000, size: 3890 MB, Compressed Oops mode: Zero based, Oop shift amount: 3

CDS archive(s) mapped at: [0x000001b6dd000000-0x000001b6ddc90000-0x000001b6ddc90000), size 13172736, SharedBaseAddress: 0x000001b6dd000000, ArchiveRelocationMode: 1.
Compressed class space mapped at: 0x000001b6de000000-0x000001b71e000000, reserved size: 1073741824
Narrow klass base: 0x000001b6dd000000, Narrow klass shift: 0, Narrow klass range: 0x100000000

GC Precious Log:
 CardTable entry size: 512
 Card Set container configuration: InlinePtr #cards 4 size 8 Array Of Cards #cards 16 size 48 Howl #buckets 8 coarsen threshold 3686 Howl Bitmap #cards 512 size 80 coarsen threshold 460 Card regions per heap region 1 cards per card region 4096
 CPUs: 12 total, 12 available
 Memory: 15553M
 Large Page Support: Disabled
 NUMA Support: Disabled
 Compressed Oops: Enabled (Zero based)
 Heap Region Size: 2M
 Heap Min Capacity: 8M
 Heap Initial Capacity: 244M
 Heap Max Capacity: 3890M
 Pre-touch: Disabled
 Parallel Workers: 10
 Concurrent Workers: 3
 Concurrent Refinement Workers: 10
 Periodic GC: Disabled

Heap:
 garbage-first heap   total 249856K, used 16384K [0x000000070ce00000, 0x0000000800000000)
  region size 2048K, 7 young (14336K), 0 survivors (0K)
 Metaspace       used 3556K, committed 3776K, reserved 1114112K
  class space    used 357K, committed 448K, reserved 1048576K

Heap Regions: E=young(eden), S=young(survivor), O=old, HS=humongous(starts), HC=humongous(continues), CS=collection set, F=free, TAMS=top-at-mark-start, PB=parsable bottom
|   0|0x000000070ce00000, 0x000000070d000000, 0x000000070d000000|100%|HS|  |TAMS 0x000000070ce00000| PB 0x000000070ce00000| Complete 
|   1|0x000000070d000000, 0x000000070d200000, 0x000000070d200000|100%|HS|  |TAMS 0x000000070d000000| PB 0x000000070d000000| Complete 
|   2|0x000000070d200000, 0x000000070d200000, 0x000000070d400000|  0%| F|  |TAMS 0x000000070d200000| PB 0x000000070d200000| Untracked 
|   3|0x000000070d400000, 0x000000070d400000, 0x000000070d600000|  0%| F|  |TAMS 0x000000070d400000| PB 0x000000070d400000| Untracked 
|   4|0x000000070d600000, 0x000000070d600000, 0x000000070d800000|  0%| F|  |TAMS 0x000000070d600000| PB 0x000000070d600000| Untracked 
|   5|0x000000070d800000, 0x000000070d800000, 0x000000070da00000|  0%| F|  |TAMS 0x000000070d800000| PB 0x000000070d800000| Untracked 
|   6|0x000000070da00000, 0x000000070da00000, 0x000000070dc00000|  0%| F|  |TAMS 0x000000070da00000| PB 0x000000070da00000| Untracked 
|   7|0x000000070dc00000, 0x000000070dc00000, 0x000000070de00000|  0%| F|  |TAMS 0x000000070dc00000| PB 0x000000070dc00000| Untracked 
|   8|0x000000070de00000, 0x000000070de00000, 0x000000070e000000|  0%| F|  |TAMS 0x000000070de00000| PB 0x000000070de00000| Untracked 
|   9|0x000000070e000000, 0x000000070e000000, 0x000000070e200000|  0%| F|  |TAMS 0x000000070e000000| PB 0x000000070e000000| Untracked 
|  10|0x000000070e200000, 0x000000070e200000, 0x000000070e400000|  0%| F|  |TAMS 0x000000070e200000| PB 0x000000070e200000| Untracked 
|  11|0x000000070e400000, 0x000000070e400000, 0x000000070e600000|  0%| F|  |TAMS 0x000000070e400000| PB 0x000000070e400000| Untracked 
|  12|0x000000070e600000, 0x000000070e600000, 0x000000070e800000|  0%| F|  |TAMS 0x000000070e600000| PB 0x000000070e600000| Untracked 
|  13|0x000000070e800000, 0x000000070e800000, 0x000000070ea00000|  0%| F|  |TAMS 0x000000070e800000| PB 0x000000070e800000| Untracked 
|  14|0x000000070ea00000, 0x000000070ea00000, 0x000000070ec00000|  0%| F|  |TAMS 0x000000070ea00000| PB 0x000000070ea00000| Untracked 
|  15|0x000000070ec00000, 0x000000070ec00000, 0x000000070ee00000|  0%| F|  |TAMS 0x000000070ec00000| PB 0x000000070ec00000| Untracked 
|  16|0x000000070ee00000, 0x000000070ee00000, 0x000000070f000000|  0%| F|  |TAMS 0x000000070ee00000| PB 0x000000070ee00000| Untracked 
|  17|0x000000070f000000, 0x000000070f000000, 0x000000070f200000|  0%| F|  |TAMS 0x000000070f000000| PB 0x000000070f000000| Untracked 
|  18|0x000000070f200000, 0x000000070f200000, 0x000000070f400000|  0%| F|  |TAMS 0x000000070f200000| PB 0x000000070f200000| Untracked 
|  19|0x000000070f400000, 0x000000070f400000, 0x000000070f600000|  0%| F|  |TAMS 0x000000070f400000| PB 0x000000070f400000| Untracked 
|  20|0x000000070f600000, 0x000000070f600000, 0x000000070f800000|  0%| F|  |TAMS 0x000000070f600000| PB 0x000000070f600000| Untracked 
|  21|0x000000070f800000, 0x000000070f800000, 0x000000070fa00000|  0%| F|  |TAMS 0x000000070f800000| PB 0x000000070f800000| Untracked 
|  22|0x000000070fa00000, 0x000000070fa00000, 0x000000070fc00000|  0%| F|  |TAMS 0x000000070fa00000| PB 0x000000070fa00000| Untracked 
|  23|0x000000070fc00000, 0x000000070fc00000, 0x000000070fe00000|  0%| F|  |TAMS 0x000000070fc00000| PB 0x000000070fc00000| Untracked 
|  24|0x000000070fe00000, 0x000000070fe00000, 0x0000000710000000|  0%| F|  |TAMS 0x000000070fe00000| PB 0x000000070fe00000| Untracked 
|  25|0x0000000710000000, 0x0000000710000000, 0x0000000710200000|  0%| F|  |TAMS 0x0000000710000000| PB 0x0000000710000000| Untracked 
|  26|0x0000000710200000, 0x0000000710200000, 0x0000000710400000|  0%| F|  |TAMS 0x0000000710200000| PB 0x0000000710200000| Untracked 
|  27|0x0000000710400000, 0x0000000710400000, 0x0000000710600000|  0%| F|  |TAMS 0x0000000710400000| PB 0x0000000710400000| Untracked 
|  28|0x0000000710600000, 0x0000000710600000, 0x0000000710800000|  0%| F|  |TAMS 0x0000000710600000| PB 0x0000000710600000| Untracked 
|  29|0x0000000710800000, 0x0000000710800000, 0x0000000710a00000|  0%| F|  |TAMS 0x0000000710800000| PB 0x0000000710800000| Untracked 
|  30|0x0000000710a00000, 0x0000000710a00000, 0x0000000710c00000|  0%| F|  |TAMS 0x0000000710a00000| PB 0x0000000710a00000| Untracked 
|  31|0x0000000710c00000, 0x0000000710c00000, 0x0000000710e00000|  0%| F|  |TAMS 0x0000000710c00000| PB 0x0000000710c00000| Untracked 
|  32|0x0000000710e00000, 0x0000000710e00000, 0x0000000711000000|  0%| F|  |TAMS 0x0000000710e00000| PB 0x0000000710e00000| Untracked 
|  33|0x0000000711000000, 0x0000000711000000, 0x0000000711200000|  0%| F|  |TAMS 0x0000000711000000| PB 0x0000000711000000| Untracked 
|  34|0x0000000711200000, 0x0000000711200000, 0x0000000711400000|  0%| F|  |TAMS 0x0000000711200000| PB 0x0000000711200000| Untracked 
|  35|0x0000000711400000, 0x0000000711400000, 0x0000000711600000|  0%| F|  |TAMS 0x0000000711400000| PB 0x0000000711400000| Untracked 
|  36|0x0000000711600000, 0x0000000711600000, 0x0000000711800000|  0%| F|  |TAMS 0x0000000711600000| PB 0x0000000711600000| Untracked 
|  37|0x0000000711800000, 0x0000000711800000, 0x0000000711a00000|  0%| F|  |TAMS 0x0000000711800000| PB 0x0000000711800000| Untracked 
|  38|0x0000000711a00000, 0x0000000711a00000, 0x0000000711c00000|  0%| F|  |TAMS 0x0000000711a00000| PB 0x0000000711a00000| Untracked 
|  39|0x0000000711c00000, 0x0000000711c00000, 0x0000000711e00000|  0%| F|  |TAMS 0x0000000711c00000| PB 0x0000000711c00000| Untracked 
|  40|0x0000000711e00000, 0x0000000711e00000, 0x0000000712000000|  0%| F|  |TAMS 0x0000000711e00000| PB 0x0000000711e00000| Untracked 
|  41|0x0000000712000000, 0x0000000712000000, 0x0000000712200000|  0%| F|  |TAMS 0x0000000712000000| PB 0x0000000712000000| Untracked 
|  42|0x0000000712200000, 0x0000000712200000, 0x0000000712400000|  0%| F|  |TAMS 0x0000000712200000| PB 0x0000000712200000| Untracked 
|  43|0x0000000712400000, 0x0000000712400000, 0x0000000712600000|  0%| F|  |TAMS 0x0000000712400000| PB 0x0000000712400000| Untracked 
|  44|0x0000000712600000, 0x0000000712600000, 0x0000000712800000|  0%| F|  |TAMS 0x0000000712600000| PB 0x0000000712600000| Untracked 
|  45|0x0000000712800000, 0x0000000712800000, 0x0000000712a00000|  0%| F|  |TAMS 0x0000000712800000| PB 0x0000000712800000| Untracked 
|  46|0x0000000712a00000, 0x0000000712a00000, 0x0000000712c00000|  0%| F|  |TAMS 0x0000000712a00000| PB 0x0000000712a00000| Untracked 
|  47|0x0000000712c00000, 0x0000000712c00000, 0x0000000712e00000|  0%| F|  |TAMS 0x0000000712c00000| PB 0x0000000712c00000| Untracked 
|  48|0x0000000712e00000, 0x0000000712e00000, 0x0000000713000000|  0%| F|  |TAMS 0x0000000712e00000| PB 0x0000000712e00000| Untracked 
|  49|0x0000000713000000, 0x0000000713000000, 0x0000000713200000|  0%| F|  |TAMS 0x0000000713000000| PB 0x0000000713000000| Untracked 
|  50|0x0000000713200000, 0x0000000713200000, 0x0000000713400000|  0%| F|  |TAMS 0x0000000713200000| PB 0x0000000713200000| Untracked 
|  51|0x0000000713400000, 0x0000000713400000, 0x0000000713600000|  0%| F|  |TAMS 0x0000000713400000| PB 0x0000000713400000| Untracked 
|  52|0x0000000713600000, 0x0000000713600000, 0x0000000713800000|  0%| F|  |TAMS 0x0000000713600000| PB 0x0000000713600000| Untracked 
|  53|0x0000000713800000, 0x0000000713800000, 0x0000000713a00000|  0%| F|  |TAMS 0x0000000713800000| PB 0x0000000713800000| Untracked 
|  54|0x0000000713a00000, 0x0000000713a00000, 0x0000000713c00000|  0%| F|  |TAMS 0x0000000713a00000| PB 0x0000000713a00000| Untracked 
|  55|0x0000000713c00000, 0x0000000713c00000, 0x0000000713e00000|  0%| F|  |TAMS 0x0000000713c00000| PB 0x0000000713c00000| Untracked 
|  56|0x0000000713e00000, 0x0000000713e00000, 0x0000000714000000|  0%| F|  |TAMS 0x0000000713e00000| PB 0x0000000713e00000| Untracked 
|  57|0x0000000714000000, 0x0000000714000000, 0x0000000714200000|  0%| F|  |TAMS 0x0000000714000000| PB 0x0000000714000000| Untracked 
|  58|0x0000000714200000, 0x0000000714200000, 0x0000000714400000|  0%| F|  |TAMS 0x0000000714200000| PB 0x0000000714200000| Untracked 
|  59|0x0000000714400000, 0x0000000714400000, 0x0000000714600000|  0%| F|  |TAMS 0x0000000714400000| PB 0x0000000714400000| Untracked 
|  60|0x0000000714600000, 0x0000000714600000, 0x0000000714800000|  0%| F|  |TAMS 0x0000000714600000| PB 0x0000000714600000| Untracked 
|  61|0x0000000714800000, 0x0000000714800000, 0x0000000714a00000|  0%| F|  |TAMS 0x0000000714800000| PB 0x0000000714800000| Untracked 
|  62|0x0000000714a00000, 0x0000000714a00000, 0x0000000714c00000|  0%| F|  |TAMS 0x0000000714a00000| PB 0x0000000714a00000| Untracked 
|  63|0x0000000714c00000, 0x0000000714c00000, 0x0000000714e00000|  0%| F|  |TAMS 0x0000000714c00000| PB 0x0000000714c00000| Untracked 
|  64|0x0000000714e00000, 0x0000000714e00000, 0x0000000715000000|  0%| F|  |TAMS 0x0000000714e00000| PB 0x0000000714e00000| Untracked 
|  65|0x0000000715000000, 0x0000000715000000, 0x0000000715200000|  0%| F|  |TAMS 0x0000000715000000| PB 0x0000000715000000| Untracked 
|  66|0x0000000715200000, 0x0000000715200000, 0x0000000715400000|  0%| F|  |TAMS 0x0000000715200000| PB 0x0000000715200000| Untracked 
|  67|0x0000000715400000, 0x0000000715400000, 0x0000000715600000|  0%| F|  |TAMS 0x0000000715400000| PB 0x0000000715400000| Untracked 
|  68|0x0000000715600000, 0x0000000715600000, 0x0000000715800000|  0%| F|  |TAMS 0x0000000715600000| PB 0x0000000715600000| Untracked 
|  69|0x0000000715800000, 0x0000000715800000, 0x0000000715a00000|  0%| F|  |TAMS 0x0000000715800000| PB 0x0000000715800000| Untracked 
|  70|0x0000000715a00000, 0x0000000715a00000, 0x0000000715c00000|  0%| F|  |TAMS 0x0000000715a00000| PB 0x0000000715a00000| Untracked 
|  71|0x0000000715c00000, 0x0000000715c00000, 0x0000000715e00000|  0%| F|  |TAMS 0x0000000715c00000| PB 0x0000000715c00000| Untracked 
|  72|0x0000000715e00000, 0x0000000715e00000, 0x0000000716000000|  0%| F|  |TAMS 0x0000000715e00000| PB 0x0000000715e00000| Untracked 
|  73|0x0000000716000000, 0x0000000716000000, 0x0000000716200000|  0%| F|  |TAMS 0x0000000716000000| PB 0x0000000716000000| Untracked 
|  74|0x0000000716200000, 0x0000000716200000, 0x0000000716400000|  0%| F|  |TAMS 0x0000000716200000| PB 0x0000000716200000| Untracked 
|  75|0x0000000716400000, 0x0000000716400000, 0x0000000716600000|  0%| F|  |TAMS 0x0000000716400000| PB 0x0000000716400000| Untracked 
|  76|0x0000000716600000, 0x0000000716600000, 0x0000000716800000|  0%| F|  |TAMS 0x0000000716600000| PB 0x0000000716600000| Untracked 
|  77|0x0000000716800000, 0x0000000716800000, 0x0000000716a00000|  0%| F|  |TAMS 0x0000000716800000| PB 0x0000000716800000| Untracked 
|  78|0x0000000716a00000, 0x0000000716a00000, 0x0000000716c00000|  0%| F|  |TAMS 0x0000000716a00000| PB 0x0000000716a00000| Untracked 
|  79|0x0000000716c00000, 0x0000000716c00000, 0x0000000716e00000|  0%| F|  |TAMS 0x0000000716c00000| PB 0x0000000716c00000| Untracked 
|  80|0x0000000716e00000, 0x0000000716e00000, 0x0000000717000000|  0%| F|  |TAMS 0x0000000716e00000| PB 0x0000000716e00000| Untracked 
|  81|0x0000000717000000, 0x0000000717000000, 0x0000000717200000|  0%| F|  |TAMS 0x0000000717000000| PB 0x0000000717000000| Untracked 
|  82|0x0000000717200000, 0x0000000717200000, 0x0000000717400000|  0%| F|  |TAMS 0x0000000717200000| PB 0x0000000717200000| Untracked 
|  83|0x0000000717400000, 0x0000000717400000, 0x0000000717600000|  0%| F|  |TAMS 0x0000000717400000| PB 0x0000000717400000| Untracked 
|  84|0x0000000717600000, 0x0000000717600000, 0x0000000717800000|  0%| F|  |TAMS 0x0000000717600000| PB 0x0000000717600000| Untracked 
|  85|0x0000000717800000, 0x0000000717800000, 0x0000000717a00000|  0%| F|  |TAMS 0x0000000717800000| PB 0x0000000717800000| Untracked 
|  86|0x0000000717a00000, 0x0000000717a00000, 0x0000000717c00000|  0%| F|  |TAMS 0x0000000717a00000| PB 0x0000000717a00000| Untracked 
|  87|0x0000000717c00000, 0x0000000717c00000, 0x0000000717e00000|  0%| F|  |TAMS 0x0000000717c00000| PB 0x0000000717c00000| Untracked 
|  88|0x0000000717e00000, 0x0000000717e00000, 0x0000000718000000|  0%| F|  |TAMS 0x0000000717e00000| PB 0x0000000717e00000| Untracked 
|  89|0x0000000718000000, 0x0000000718000000, 0x0000000718200000|  0%| F|  |TAMS 0x0000000718000000| PB 0x0000000718000000| Untracked 
|  90|0x0000000718200000, 0x0000000718200000, 0x0000000718400000|  0%| F|  |TAMS 0x0000000718200000| PB 0x0000000718200000| Untracked 
|  91|0x0000000718400000, 0x0000000718400000, 0x0000000718600000|  0%| F|  |TAMS 0x0000000718400000| PB 0x0000000718400000| Untracked 
|  92|0x0000000718600000, 0x0000000718600000, 0x0000000718800000|  0%| F|  |TAMS 0x0000000718600000| PB 0x0000000718600000| Untracked 
|  93|0x0000000718800000, 0x0000000718800000, 0x0000000718a00000|  0%| F|  |TAMS 0x0000000718800000| PB 0x0000000718800000| Untracked 
|  94|0x0000000718a00000, 0x0000000718a00000, 0x0000000718c00000|  0%| F|  |TAMS 0x0000000718a00000| PB 0x0000000718a00000| Untracked 
|  95|0x0000000718c00000, 0x0000000718c00000, 0x0000000718e00000|  0%| F|  |TAMS 0x0000000718c00000| PB 0x0000000718c00000| Untracked 
|  96|0x0000000718e00000, 0x0000000718e00000, 0x0000000719000000|  0%| F|  |TAMS 0x0000000718e00000| PB 0x0000000718e00000| Untracked 
|  97|0x0000000719000000, 0x0000000719000000, 0x0000000719200000|  0%| F|  |TAMS 0x0000000719000000| PB 0x0000000719000000| Untracked 
|  98|0x0000000719200000, 0x0000000719200000, 0x0000000719400000|  0%| F|  |TAMS 0x0000000719200000| PB 0x0000000719200000| Untracked 
|  99|0x0000000719400000, 0x0000000719400000, 0x0000000719600000|  0%| F|  |TAMS 0x0000000719400000| PB 0x0000000719400000| Untracked 
| 100|0x0000000719600000, 0x0000000719600000, 0x0000000719800000|  0%| F|  |TAMS 0x0000000719600000| PB 0x0000000719600000| Untracked 
| 101|0x0000000719800000, 0x0000000719800000, 0x0000000719a00000|  0%| F|  |TAMS 0x0000000719800000| PB 0x0000000719800000| Untracked 
| 102|0x0000000719a00000, 0x0000000719a00000, 0x0000000719c00000|  0%| F|  |TAMS 0x0000000719a00000| PB 0x0000000719a00000| Untracked 
| 103|0x0000000719c00000, 0x0000000719c00000, 0x0000000719e00000|  0%| F|  |TAMS 0x0000000719c00000| PB 0x0000000719c00000| Untracked 
| 104|0x0000000719e00000, 0x0000000719e00000, 0x000000071a000000|  0%| F|  |TAMS 0x0000000719e00000| PB 0x0000000719e00000| Untracked 
| 105|0x000000071a000000, 0x000000071a000000, 0x000000071a200000|  0%| F|  |TAMS 0x000000071a000000| PB 0x000000071a000000| Untracked 
| 106|0x000000071a200000, 0x000000071a200000, 0x000000071a400000|  0%| F|  |TAMS 0x000000071a200000| PB 0x000000071a200000| Untracked 
| 107|0x000000071a400000, 0x000000071a400000, 0x000000071a600000|  0%| F|  |TAMS 0x000000071a400000| PB 0x000000071a400000| Untracked 
| 108|0x000000071a600000, 0x000000071a600000, 0x000000071a800000|  0%| F|  |TAMS 0x000000071a600000| PB 0x000000071a600000| Untracked 
| 109|0x000000071a800000, 0x000000071a800000, 0x000000071aa00000|  0%| F|  |TAMS 0x000000071a800000| PB 0x000000071a800000| Untracked 
| 110|0x000000071aa00000, 0x000000071aa00000, 0x000000071ac00000|  0%| F|  |TAMS 0x000000071aa00000| PB 0x000000071aa00000| Untracked 
| 111|0x000000071ac00000, 0x000000071ac00000, 0x000000071ae00000|  0%| F|  |TAMS 0x000000071ac00000| PB 0x000000071ac00000| Untracked 
| 112|0x000000071ae00000, 0x000000071ae00000, 0x000000071b000000|  0%| F|  |TAMS 0x000000071ae00000| PB 0x000000071ae00000| Untracked 
| 113|0x000000071b000000, 0x000000071b000000, 0x000000071b200000|  0%| F|  |TAMS 0x000000071b000000| PB 0x000000071b000000| Untracked 
| 114|0x000000071b200000, 0x000000071b200000, 0x000000071b400000|  0%| F|  |TAMS 0x000000071b200000| PB 0x000000071b200000| Untracked 
| 115|0x000000071b400000, 0x000000071b554700, 0x000000071b600000| 66%| E|  |TAMS 0x000000071b400000| PB 0x000000071b400000| Complete 
| 116|0x000000071b600000, 0x000000071b800000, 0x000000071b800000|100%| E|CS|TAMS 0x000000071b600000| PB 0x000000071b600000| Complete 
| 117|0x000000071b800000, 0x000000071ba00000, 0x000000071ba00000|100%| E|CS|TAMS 0x000000071b800000| PB 0x000000071b800000| Complete 
| 118|0x000000071ba00000, 0x000000071bc00000, 0x000000071bc00000|100%| E|CS|TAMS 0x000000071ba00000| PB 0x000000071ba00000| Complete 
| 119|0x000000071bc00000, 0x000000071be00000, 0x000000071be00000|100%| E|CS|TAMS 0x000000071bc00000| PB 0x000000071bc00000| Complete 
| 120|0x000000071be00000, 0x000000071c000000, 0x000000071c000000|100%| E|CS|TAMS 0x000000071be00000| PB 0x000000071be00000| Complete 
| 121|0x000000071c000000, 0x000000071c200000, 0x000000071c200000|100%| E|CS|TAMS 0x000000071c000000| PB 0x000000071c000000| Complete 

Card table byte_map: [0x000001b6d5260000,0x000001b6d5a00000] _byte_map_base: 0x000001b6d19f9000

Marking Bits: (CMBitMap*) 0x000001b6bd168c90
 Bits: [0x000001b6d5a00000, 0x000001b6d96c8000)

Polling page: 0x000001b6bb0a0000

Metaspace:

Usage:
  Non-class:      3.12 MB used.
      Class:    357.22 KB used.
       Both:      3.47 MB used.

Virtual space:
  Non-class space:       64.00 MB reserved,       3.25 MB (  5%) committed,  1 nodes.
      Class space:        1.00 GB reserved,     448.00 KB ( <1%) committed,  1 nodes.
             Both:        1.06 GB reserved,       3.69 MB ( <1%) committed. 

Chunk freelists:
   Non-Class:  10.55 MB
       Class:  15.53 MB
        Both:  26.08 MB

MaxMetaspaceSize: unlimited
CompressedClassSpaceSize: 1.00 GB
Initial GC threshold: 21.00 MB
Current GC threshold: 21.00 MB
CDS: on
 - commit_granule_bytes: 65536.
 - commit_granule_words: 8192.
 - virtual_space_node_default_size: 8388608.
 - enlarge_chunks_in_place: 1.
 - use_allocation_guard: 0.


Internal statistics:

num_allocs_failed_limit: 0.
num_arena_births: 108.
num_arena_deaths: 0.
num_vsnodes_births: 2.
num_vsnodes_deaths: 0.
num_space_committed: 59.
num_space_uncommitted: 0.
num_chunks_returned_to_freelist: 0.
num_chunks_taken_from_freelist: 189.
num_chunk_merges: 0.
num_chunk_splits: 123.
num_chunks_enlarged: 80.
num_inconsistent_stats: 0.

CodeHeap 'non-profiled nmethods': size=120000Kb used=273Kb max_used=273Kb free=119726Kb
 bounds [0x000001b6cd040000, 0x000001b6cd2b0000, 0x000001b6d4570000]
CodeHeap 'profiled nmethods': size=120000Kb used=1318Kb max_used=1318Kb free=118681Kb
 bounds [0x000001b6c5570000, 0x000001b6c57e0000, 0x000001b6ccaa0000]
CodeHeap 'non-nmethods': size=5760Kb used=1522Kb max_used=1538Kb free=4237Kb
 bounds [0x000001b6ccaa0000, 0x000001b6ccd10000, 0x000001b6cd040000]
 total_blobs=1324 nmethods=841 adapters=388
 compilation: enabled
              stopped_count=0, restarted_count=0
 full_count=0

Compilation events (20 events):
Event: 0.301 Thread 0x000001b6dc339400 nmethod 827 0x000001b6c56b6190 code [0x000001b6c56b6340, 0x000001b6c56b6540]
Event: 0.301 Thread 0x000001b6dc339400  828       3       java.lang.invoke.Invokers::checkCustomized (23 bytes)
Event: 0.301 Thread 0x000001b6dc339400 nmethod 828 0x000001b6c56b6610 code [0x000001b6c56b67c0, 0x000001b6c56b6990]
Event: 0.301 Thread 0x000001b6dc339400  829       3       java.lang.invoke.MethodTypeForm::cachedLambdaForm (23 bytes)
Event: 0.301 Thread 0x000001b6dc339400 nmethod 829 0x000001b6c56b6a90 code [0x000001b6c56b6c60, 0x000001b6c56b6fc0]
Event: 0.301 Thread 0x000001b6dc339400  831       3       sun.invoke.util.BytecodeDescriptor::unparse (24 bytes)
Event: 0.302 Thread 0x000001b6dc339400 nmethod 831 0x000001b6c56b7110 code [0x000001b6c56b72e0, 0x000001b6c56b74e8]
Event: 0.302 Thread 0x000001b6dc339400  833       3       java.lang.StringBuilder::<init> (6 bytes)
Event: 0.302 Thread 0x000001b6dc339400 nmethod 833 0x000001b6c56b7590 code [0x000001b6c56b7740, 0x000001b6c56b7878]
Event: 0.302 Thread 0x000001b6dc339400  834       3       jdk.internal.org.objectweb.asm.Label::<init> (5 bytes)
Event: 0.302 Thread 0x000001b6dc339400 nmethod 834 0x000001b6c56b7910 code [0x000001b6c56b7ac0, 0x000001b6c56b7c28]
Event: 0.302 Thread 0x000001b6dc339400  837       3       jdk.internal.org.objectweb.asm.MethodVisitor::<init> (78 bytes)
Event: 0.302 Thread 0x000001b6dc339400 nmethod 837 0x000001b6c56b7d10 code [0x000001b6c56b7f40, 0x000001b6c56b8708]
Event: 0.302 Thread 0x000001b6dc339400  838       3       jdk.internal.org.objectweb.asm.MethodWriter::visitMethodInsn (191 bytes)
Event: 0.302 Thread 0x000001b6dc3338f0  840       4       java.lang.Math::max (11 bytes)
Event: 0.302 Thread 0x000001b6dc3338f0 nmethod 840 0x000001b6cd083690 code [0x000001b6cd083800, 0x000001b6cd083870]
Event: 0.303 Thread 0x000001b6dc339400 nmethod 838 0x000001b6c56b8990 code [0x000001b6c56b8be0, 0x000001b6c56b9380]
Event: 0.303 Thread 0x000001b6dc339400  839       3       jdk.internal.org.objectweb.asm.SymbolTable::addConstantMethodref (24 bytes)
Event: 0.303 Thread 0x000001b6dc339400 nmethod 839 0x000001b6c56b9690 code [0x000001b6c56b9840, 0x000001b6c56b99e8]
Event: 0.303 Thread 0x000001b6dc62f620 nmethod 825 0x000001b6cd083990 code [0x000001b6cd083b60, 0x000001b6cd0842a8]

GC Heap History (0 events):
No events

Dll operation events (20 events):
Event: 0.190 Loaded shared library C:\Users\shaho\.openjfx\cache\22+30\amd64\api-ms-win-crt-filesystem-l1-1-0.dll
Event: 0.191 Loaded shared library C:\Users\shaho\.openjfx\cache\22+30\amd64\api-ms-win-crt-heap-l1-1-0.dll
Event: 0.193 Loaded shared library C:\Users\shaho\.openjfx\cache\22+30\amd64\api-ms-win-crt-locale-l1-1-0.dll
Event: 0.195 Loaded shared library C:\Users\shaho\.openjfx\cache\22+30\amd64\api-ms-win-crt-math-l1-1-0.dll
Event: 0.197 Loaded shared library C:\Users\shaho\.openjfx\cache\22+30\amd64\api-ms-win-crt-multibyte-l1-1-0.dll
Event: 0.199 Loaded shared library C:\Users\shaho\.openjfx\cache\22+30\amd64\api-ms-win-crt-private-l1-1-0.dll
Event: 0.200 Loaded shared library C:\Users\shaho\.openjfx\cache\22+30\amd64\api-ms-win-crt-process-l1-1-0.dll
Event: 0.202 Loaded shared library C:\Users\shaho\.openjfx\cache\22+30\amd64\api-ms-win-crt-runtime-l1-1-0.dll
Event: 0.204 Loaded shared library C:\Users\shaho\.openjfx\cache\22+30\amd64\api-ms-win-crt-stdio-l1-1-0.dll
Event: 0.207 Loaded shared library C:\Users\shaho\.openjfx\cache\22+30\amd64\api-ms-win-crt-string-l1-1-0.dll
Event: 0.209 Loaded shared library C:\Users\shaho\.openjfx\cache\22+30\amd64\api-ms-win-crt-time-l1-1-0.dll
Event: 0.212 Loaded shared library C:\Users\shaho\.openjfx\cache\22+30\amd64\api-ms-win-crt-utility-l1-1-0.dll
Event: 0.219 Loaded shared library C:\Users\shaho\.openjfx\cache\22+30\amd64\ucrtbase.dll
Event: 0.222 Loaded shared library C:\Users\shaho\.openjfx\cache\22+30\amd64\vcruntime140.dll
Event: 0.224 Loaded shared library C:\Users\shaho\.openjfx\cache\22+30\amd64\vcruntime140_1.dll
Event: 0.229 Loaded shared library C:\Users\shaho\.openjfx\cache\22+30\amd64\msvcp140.dll
Event: 0.231 Loaded shared library C:\Users\shaho\.openjfx\cache\22+30\amd64\msvcp140_1.dll
Event: 0.233 Loaded shared library C:\Users\shaho\.openjfx\cache\22+30\amd64\msvcp140_2.dll
Event: 0.253 Loaded shared library C:\Users\shaho\.openjfx\cache\22+30\amd64\prism_d3d.dll
Event: 0.299 Loaded shared library C:\Users\shaho\.openjfx\cache\22+30\amd64\glass.dll

Deoptimization events (16 events):
Event: 0.144 Thread 0x000001b6dc711fe0 DEOPT PACKING pc=0x000001b6c558e7f8 sp=0x000000481a1fe300
Event: 0.144 Thread 0x000001b6dc711fe0 DEOPT UNPACKING pc=0x000001b6ccaf88e2 sp=0x000000481a1fd720 mode 0
Event: 0.154 Thread 0x000001b6dc711fe0 DEOPT PACKING pc=0x000001b6c5584358 sp=0x000000481a1fe460
Event: 0.154 Thread 0x000001b6dc711fe0 DEOPT UNPACKING pc=0x000001b6ccaf88e2 sp=0x000000481a1fd8c8 mode 0
Event: 0.184 Thread 0x000001b6dc711fe0 DEOPT PACKING pc=0x000001b6c55a2867 sp=0x000000481a1fe210
Event: 0.184 Thread 0x000001b6dc711fe0 DEOPT UNPACKING pc=0x000001b6ccaf88e2 sp=0x000000481a1fd6c0 mode 0
Event: 0.221 Thread 0x000001b6dc711fe0 DEOPT PACKING pc=0x000001b6c565992f sp=0x000000481a1fe710
Event: 0.221 Thread 0x000001b6dc711fe0 DEOPT UNPACKING pc=0x000001b6ccaf88e2 sp=0x000000481a1fdb30 mode 0
Event: 0.299 Thread 0x000001b6dc711fe0 Uncommon trap: trap_request=0xffffff45 fr.pc=0x000001b6cd05ae80 relative=0x0000000000000160
Event: 0.299 Thread 0x000001b6dc711fe0 Uncommon trap: reason=unstable_if action=reinterpret pc=0x000001b6cd05ae80 method=java.util.concurrent.locks.ReentrantLock$NonfairSync.initialTryLock()Z @ 10 c2
Event: 0.299 Thread 0x000001b6dc711fe0 DEOPT PACKING pc=0x000001b6cd05ae80 sp=0x000000481a1fd760
Event: 0.299 Thread 0x000001b6dc711fe0 DEOPT UNPACKING pc=0x000001b6ccaf7da2 sp=0x000000481a1fd708 mode 2
Event: 0.299 Thread 0x000001b6dc711fe0 Uncommon trap: trap_request=0xffffff45 fr.pc=0x000001b6cd05c274 relative=0x00000000000000d4
Event: 0.299 Thread 0x000001b6dc711fe0 Uncommon trap: reason=unstable_if action=reinterpret pc=0x000001b6cd05c274 method=java.util.concurrent.locks.ReentrantLock$Sync.tryRelease(I)Z @ 26 c2
Event: 0.299 Thread 0x000001b6dc711fe0 DEOPT PACKING pc=0x000001b6cd05c274 sp=0x000000481a1fd760
Event: 0.299 Thread 0x000001b6dc711fe0 DEOPT UNPACKING pc=0x000001b6ccaf7da2 sp=0x000000481a1fd700 mode 2

Classes loaded (20 events):
Event: 0.294 Loading class java/lang/ProcessEnvironment
Event: 0.294 Loading class java/lang/ProcessEnvironment done
Event: 0.294 Loading class java/lang/ProcessEnvironment$NameComparator
Event: 0.294 Loading class java/lang/ProcessEnvironment$NameComparator done
Event: 0.294 Loading class java/lang/ProcessEnvironment$EntryComparator
Event: 0.294 Loading class java/lang/ProcessEnvironment$EntryComparator done
Event: 0.294 Loading class java/lang/ProcessEnvironment$CheckedEntrySet
Event: 0.294 Loading class java/lang/ProcessEnvironment$CheckedEntrySet done
Event: 0.294 Loading class java/lang/ProcessEnvironment$CheckedEntrySet$1
Event: 0.294 Loading class java/lang/ProcessEnvironment$CheckedEntrySet$1 done
Event: 0.295 Loading class java/lang/ProcessEnvironment$CheckedEntry
Event: 0.295 Loading class java/lang/ProcessEnvironment$CheckedEntry done
Event: 0.300 Loading class java/lang/Throwable$WrappedPrintStream
Event: 0.300 Loading class java/lang/Throwable$PrintStreamOrWriter
Event: 0.300 Loading class java/lang/Throwable$PrintStreamOrWriter done
Event: 0.300 Loading class java/lang/Throwable$WrappedPrintStream done
Event: 0.300 Loading class java/util/concurrent/BlockingDeque
Event: 0.301 Loading class java/util/concurrent/BlockingDeque done
Event: 0.301 Loading class java/util/concurrent/LinkedBlockingDeque
Event: 0.301 Loading class java/util/concurrent/LinkedBlockingDeque done

Classes unloaded (0 events):
No events

Classes redefined (0 events):
No events

Internal exceptions (10 events):
Event: 0.060 Thread 0x000001b6badc5e50 Exception <a 'java/lang/NoSuchMethodError'{0x000000071bfd16b0}: 'java.lang.Object java.lang.invoke.DirectMethodHandle$Holder.newInvokeSpecial(java.lang.Object, java.lang.Object, java.lang.Object, java.lang.Object, java.lang.Object)'> (0x000000071bfd16b0) 
thrown [s\open\src\hotspot\share\interpreter\linkResolver.cpp, line 773]
Event: 0.060 Thread 0x000001b6dc711fe0 Exception <a 'java/lang/NoSuchMethodError'{0x000000071bc00980}: 'void java.lang.invoke.DirectMethodHandle$Holder.invokeStatic(java.lang.Object, java.lang.Object)'> (0x000000071bc00980) 
thrown [s\open\src\hotspot\share\interpreter\linkResolver.cpp, line 773]
Event: 0.091 Thread 0x000001b6dc711fe0 Exception <a 'java/lang/NoSuchMethodError'{0x000000071bd48480}: 'java.lang.Object java.lang.invoke.DirectMethodHandle$Holder.invokeStatic(java.lang.Object, int, java.lang.Object)'> (0x000000071bd48480) 
thrown [s\open\src\hotspot\share\interpreter\linkResolver.cpp, line 773]
Event: 0.093 Thread 0x000001b6dc711fe0 Exception <a 'java/lang/NoSuchMethodError'{0x000000071bd56c98}: 'void java.lang.invoke.DirectMethodHandle$Holder.invokeSpecial(java.lang.Object, java.lang.Object, java.lang.Object)'> (0x000000071bd56c98) 
thrown [s\open\src\hotspot\share\interpreter\linkResolver.cpp, line 773]
Event: 0.097 Thread 0x000001b6dc711fe0 Exception <a 'java/lang/ClassNotFoundException'{0x000000071bd89cb0}: sun/util/logging/resources/spi/loggingProvider> (0x000000071bd89cb0) 
thrown [s\open\src\hotspot\share\classfile\systemDictionary.cpp, line 312]
Event: 0.247 Thread 0x000001b6dc711fe0 Exception <a 'java/lang/NoSuchMethodError'{0x000000071b711db0}: 'void java.lang.invoke.DirectMethodHandle$Holder.invokeStatic(java.lang.Object, java.lang.Object, java.lang.Object)'> (0x000000071b711db0) 
thrown [s\open\src\hotspot\share\interpreter\linkResolver.cpp, line 773]
Event: 0.289 Thread 0x000001b6dc711fe0 Exception <a 'java/lang/NoSuchMethodError'{0x000000071b729780}: 'int java.lang.invoke.DirectMethodHandle$Holder.invokeStaticInit(java.lang.Object, java.lang.Object, java.lang.Object)'> (0x000000071b729780) 
thrown [s\open\src\hotspot\share\interpreter\linkResolver.cpp, line 773]
Event: 0.299 Thread 0x000001b6dc711fe0 Exception <a 'java/lang/NoSuchMethodError'{0x000000071b4267e0}: notifyThemeChanged> (0x000000071b4267e0) 
thrown [s\open\src\hotspot\share\prims\jni.cpp, line 1072]
Event: 0.302 Thread 0x000001b6dc711fe0 Exception <a 'java/lang/NoSuchMethodError'{0x000000071b436cb0}: 'java.lang.Object java.lang.invoke.DirectMethodHandle$Holder.newInvokeSpecial(java.lang.Object, java.lang.Object, int, java.lang.Object)'> (0x000000071b436cb0) 
thrown [s\open\src\hotspot\share\interpreter\linkResolver.cpp, line 773]
Event: 0.302 Thread 0x000001b6dc711fe0 Exception <a 'java/lang/NoSuchMethodError'{0x000000071b43ab58}: 'java.lang.Object java.lang.invoke.DirectMethodHandle$Holder.invokeSpecial(java.lang.Object, java.lang.Object, java.lang.Object, int, java.lang.Object)'> (0x000000071b43ab58) 
thrown [s\open\src\hotspot\share\interpreter\linkResolver.cpp, line 773]

ZGC Phase Switch (0 events):
No events

VM Operations (4 events):
Event: 0.044 Executing VM operation: HandshakeAllThreads (Deoptimize)
Event: 0.044 Executing VM operation: HandshakeAllThreads (Deoptimize) done
Event: 0.294 Executing VM operation: HandshakeAllThreads (Deoptimize)
Event: 0.294 Executing VM operation: HandshakeAllThreads (Deoptimize) done

Events (16 events):
Event: 0.015 Thread 0x000001b6badc5e50 Thread added: 0x000001b6badc5e50
Event: 0.025 Thread 0x000001b6dc31cc80 Thread added: 0x000001b6dc31cc80
Event: 0.025 Thread 0x000001b6dc31da90 Thread added: 0x000001b6dc31da90
Event: 0.025 Thread 0x000001b6dc31fd00 Thread added: 0x000001b6dc31fd00
Event: 0.025 Thread 0x000001b6dc320ce0 Thread added: 0x000001b6dc320ce0
Event: 0.025 Thread 0x000001b6dc321960 Thread added: 0x000001b6dc321960
Event: 0.025 Thread 0x000001b6dc32b510 Thread added: 0x000001b6dc32b510
Event: 0.025 Thread 0x000001b6dc3338f0 Thread added: 0x000001b6dc3338f0
Event: 0.025 Thread 0x000001b6dc339400 Thread added: 0x000001b6dc339400
Event: 0.033 Thread 0x000001b6dc5ecd60 Thread added: 0x000001b6dc5ecd60
Event: 0.033 Thread 0x000001b6dc604840 Thread added: 0x000001b6dc604840
Event: 0.043 Thread 0x000001b6dc62f620 Thread added: 0x000001b6dc62f620
Event: 0.060 Thread 0x000001b6dc711fe0 Thread added: 0x000001b6dc711fe0
Event: 0.247 Thread 0x000001b7223aad70 Thread added: 0x000001b7223aad70
Event: 0.301 Thread 0x000001b7224dc340 Thread added: 0x000001b7224dc340
Event: 0.303 Thread 0x000001b7224e2550 Thread added: 0x000001b7224e2550


Dynamic libraries:
0x00007ff6750b0000 - 0x00007ff6750c0000 	C:\Program Files\Java\jdk-21\bin\java.exe
0x00007ff95fab0000 - 0x00007ff95fcc6000 	C:\Windows\SYSTEM32\ntdll.dll
0x00007ff95ebb0000 - 0x00007ff95ec74000 	C:\Windows\System32\KERNEL32.DLL
0x00007ff95cfc0000 - 0x00007ff95d366000 	C:\Windows\System32\KERNELBASE.dll
0x00007ff95ce20000 - 0x00007ff95cf31000 	C:\Windows\System32\ucrtbase.dll
0x00007ff92dba0000 - 0x00007ff92dbb9000 	C:\Program Files\Java\jdk-21\bin\jli.dll
0x00007ff938f20000 - 0x00007ff938f3b000 	C:\Program Files\Java\jdk-21\bin\VCRUNTIME140.dll
0x00007ff95f770000 - 0x00007ff95f822000 	C:\Windows\System32\ADVAPI32.dll
0x00007ff95e170000 - 0x00007ff95e217000 	C:\Windows\System32\msvcrt.dll
0x00007ff95e0c0000 - 0x00007ff95e168000 	C:\Windows\System32\sechost.dll
0x00007ff95d370000 - 0x00007ff95d398000 	C:\Windows\System32\bcrypt.dll
0x00007ff95e440000 - 0x00007ff95e555000 	C:\Windows\System32\RPCRT4.dll
0x00007ff95ee40000 - 0x00007ff95efed000 	C:\Windows\System32\USER32.dll
0x00007ff95cdf0000 - 0x00007ff95ce16000 	C:\Windows\System32\win32u.dll
0x00007ff95f870000 - 0x00007ff95f899000 	C:\Windows\System32\GDI32.dll
0x00007ff93d510000 - 0x00007ff93d7a3000 	C:\Windows\WinSxS\amd64_microsoft.windows.common-controls_6595b64144ccf1df_6.0.22621.3235_none_270f74e173860f98\COMCTL32.dll
0x00007ff95d6e0000 - 0x00007ff95d7f8000 	C:\Windows\System32\gdi32full.dll
0x00007ff95d3a0000 - 0x00007ff95d43a000 	C:\Windows\System32\msvcp_win.dll
0x00007ff954630000 - 0x00007ff95463a000 	C:\Windows\SYSTEM32\VERSION.dll
0x00007ff95f830000 - 0x00007ff95f861000 	C:\Windows\System32\IMM32.DLL
0x00007ff938f10000 - 0x00007ff938f1c000 	C:\Program Files\Java\jdk-21\bin\vcruntime140_1.dll
0x00007ff8fbf40000 - 0x00007ff8fbfce000 	C:\Program Files\Java\jdk-21\bin\msvcp140.dll
0x00007ff8c7490000 - 0x00007ff8c81a7000 	C:\Program Files\Java\jdk-21\bin\server\jvm.dll
0x00007ff95e560000 - 0x00007ff95e5d1000 	C:\Windows\System32\WS2_32.dll
0x00007ff95bc40000 - 0x00007ff95bc8d000 	C:\Windows\SYSTEM32\POWRPROF.dll
0x00007ff955ce0000 - 0x00007ff955d14000 	C:\Windows\SYSTEM32\WINMM.dll
0x00007ff95bc20000 - 0x00007ff95bc33000 	C:\Windows\SYSTEM32\UMPDC.dll
0x00007ff95be80000 - 0x00007ff95be98000 	C:\Windows\SYSTEM32\kernel.appcore.dll
0x00007ff936090000 - 0x00007ff93609a000 	C:\Program Files\Java\jdk-21\bin\jimage.dll
0x00007ff952120000 - 0x00007ff952353000 	C:\Windows\SYSTEM32\DBGHELP.DLL
0x00007ff95e5e0000 - 0x00007ff95e968000 	C:\Windows\System32\combase.dll
0x00007ff95eff0000 - 0x00007ff95f0c7000 	C:\Windows\System32\OLEAUT32.dll
0x00007ff92b1c0000 - 0x00007ff92b1f2000 	C:\Windows\SYSTEM32\dbgcore.DLL
0x00007ff95cf40000 - 0x00007ff95cfba000 	C:\Windows\System32\bcryptPrimitives.dll
0x00007ff92da10000 - 0x00007ff92da2f000 	C:\Program Files\Java\jdk-21\bin\java.dll
0x00007ff95d860000 - 0x00007ff95e0bd000 	C:\Windows\System32\SHELL32.dll
0x00007ff95ad10000 - 0x00007ff95b608000 	C:\Windows\SYSTEM32\windows.storage.dll
0x00007ff95abd0000 - 0x00007ff95ad0e000 	C:\Windows\SYSTEM32\wintypes.dll
0x00007ff95f160000 - 0x00007ff95f253000 	C:\Windows\System32\SHCORE.dll
0x00007ff95e980000 - 0x00007ff95e9de000 	C:\Windows\System32\shlwapi.dll
0x00007ff95cd20000 - 0x00007ff95cd46000 	C:\Windows\SYSTEM32\profapi.dll
0x00007ff8c9860000 - 0x00007ff8c9937000 	C:\Program Files\Java\jdk-21\bin\jsvml.dll
0x00007ff92e380000 - 0x00007ff92e390000 	C:\Program Files\Java\jdk-21\bin\net.dll
0x00007ff9568c0000 - 0x00007ff9569f7000 	C:\Windows\SYSTEM32\WINHTTP.dll
0x00007ff95c350000 - 0x00007ff95c3b9000 	C:\Windows\system32\mswsock.dll
0x00007ff92d9f0000 - 0x00007ff92da06000 	C:\Program Files\Java\jdk-21\bin\nio.dll
0x00007ff92d920000 - 0x00007ff92d938000 	C:\Program Files\Java\jdk-21\bin\zip.dll
0x000001b6bb110000 - 0x000001b6bb113000 	C:\Users\shaho\.openjfx\cache\22+30\amd64\api-ms-win-core-console-l1-1-0.dll
0x000001b6bd080000 - 0x000001b6bd083000 	C:\Users\shaho\.openjfx\cache\22+30\amd64\api-ms-win-core-console-l1-2-0.dll
0x000001b6bd090000 - 0x000001b6bd093000 	C:\Users\shaho\.openjfx\cache\22+30\amd64\api-ms-win-core-datetime-l1-1-0.dll
0x000001b6bd0a0000 - 0x000001b6bd0a3000 	C:\Users\shaho\.openjfx\cache\22+30\amd64\api-ms-win-core-debug-l1-1-0.dll
0x000001b6bd0b0000 - 0x000001b6bd0b3000 	C:\Users\shaho\.openjfx\cache\22+30\amd64\api-ms-win-core-errorhandling-l1-1-0.dll
0x000001b6bd0c0000 - 0x000001b6bd0c4000 	C:\Users\shaho\.openjfx\cache\22+30\amd64\api-ms-win-core-file-l1-1-0.dll
0x000001b6dc870000 - 0x000001b6dc873000 	C:\Users\shaho\.openjfx\cache\22+30\amd64\api-ms-win-core-file-l1-2-0.dll
0x000001b6dc880000 - 0x000001b6dc883000 	C:\Users\shaho\.openjfx\cache\22+30\amd64\api-ms-win-core-file-l2-1-0.dll
0x000001b6dc890000 - 0x000001b6dc893000 	C:\Users\shaho\.openjfx\cache\22+30\amd64\api-ms-win-core-handle-l1-1-0.dll
0x000001b6dc8a0000 - 0x000001b6dc8a3000 	C:\Users\shaho\.openjfx\cache\22+30\amd64\api-ms-win-core-heap-l1-1-0.dll
0x000001b6dc8b0000 - 0x000001b6dc8b3000 	C:\Users\shaho\.openjfx\cache\22+30\amd64\api-ms-win-core-interlocked-l1-1-0.dll
0x000001b6dc8c0000 - 0x000001b6dc8c3000 	C:\Users\shaho\.openjfx\cache\22+30\amd64\api-ms-win-core-libraryloader-l1-1-0.dll
0x000001b6dc8d0000 - 0x000001b6dc8d3000 	C:\Users\shaho\.openjfx\cache\22+30\amd64\api-ms-win-core-localization-l1-2-0.dll
0x000001b6dc8e0000 - 0x000001b6dc8e3000 	C:\Users\shaho\.openjfx\cache\22+30\amd64\api-ms-win-core-memory-l1-1-0.dll
0x000001b6dc8f0000 - 0x000001b6dc8f3000 	C:\Users\shaho\.openjfx\cache\22+30\amd64\api-ms-win-core-namedpipe-l1-1-0.dll
0x000001b6dc900000 - 0x000001b6dc903000 	C:\Users\shaho\.openjfx\cache\22+30\amd64\api-ms-win-core-processenvironment-l1-1-0.dll
0x000001b6dc910000 - 0x000001b6dc913000 	C:\Users\shaho\.openjfx\cache\22+30\amd64\api-ms-win-core-processthreads-l1-1-0.dll
0x000001b6dc920000 - 0x000001b6dc923000 	C:\Users\shaho\.openjfx\cache\22+30\amd64\api-ms-win-core-processthreads-l1-1-1.dll
0x000001b6dc930000 - 0x000001b6dc933000 	C:\Users\shaho\.openjfx\cache\22+30\amd64\api-ms-win-core-profile-l1-1-0.dll
0x000001b6dc940000 - 0x000001b6dc943000 	C:\Users\shaho\.openjfx\cache\22+30\amd64\api-ms-win-core-rtlsupport-l1-1-0.dll
0x000001b6dc950000 - 0x000001b6dc953000 	C:\Users\shaho\.openjfx\cache\22+30\amd64\api-ms-win-core-string-l1-1-0.dll
0x000001b6dc960000 - 0x000001b6dc963000 	C:\Users\shaho\.openjfx\cache\22+30\amd64\api-ms-win-core-synch-l1-1-0.dll
0x000001b6dc970000 - 0x000001b6dc973000 	C:\Users\shaho\.openjfx\cache\22+30\amd64\api-ms-win-core-synch-l1-2-0.dll
0x000001b6dc980000 - 0x000001b6dc983000 	C:\Users\shaho\.openjfx\cache\22+30\amd64\api-ms-win-core-sysinfo-l1-1-0.dll
0x000001b6dc990000 - 0x000001b6dc993000 	C:\Users\shaho\.openjfx\cache\22+30\amd64\api-ms-win-core-timezone-l1-1-0.dll
0x000001b6dc9a0000 - 0x000001b6dc9a3000 	C:\Users\shaho\.openjfx\cache\22+30\amd64\api-ms-win-core-util-l1-1-0.dll
0x000001b6dc9b0000 - 0x000001b6dc9b3000 	C:\Users\shaho\.openjfx\cache\22+30\amd64\api-ms-win-crt-conio-l1-1-0.dll
0x000001b6dc9c0000 - 0x000001b6dc9c4000 	C:\Users\shaho\.openjfx\cache\22+30\amd64\api-ms-win-crt-convert-l1-1-0.dll
0x000001b6dc9d0000 - 0x000001b6dc9d3000 	C:\Users\shaho\.openjfx\cache\22+30\amd64\api-ms-win-crt-environment-l1-1-0.dll
0x000001b6dc9e0000 - 0x000001b6dc9e3000 	C:\Users\shaho\.openjfx\cache\22+30\amd64\api-ms-win-crt-filesystem-l1-1-0.dll
0x000001b6dc9f0000 - 0x000001b6dc9f3000 	C:\Users\shaho\.openjfx\cache\22+30\amd64\api-ms-win-crt-heap-l1-1-0.dll
0x000001b6dca00000 - 0x000001b6dca03000 	C:\Users\shaho\.openjfx\cache\22+30\amd64\api-ms-win-crt-locale-l1-1-0.dll
0x000001b6dca10000 - 0x000001b6dca15000 	C:\Users\shaho\.openjfx\cache\22+30\amd64\api-ms-win-crt-math-l1-1-0.dll
0x000001b6dca20000 - 0x000001b6dca25000 	C:\Users\shaho\.openjfx\cache\22+30\amd64\api-ms-win-crt-multibyte-l1-1-0.dll
0x000001b6dca30000 - 0x000001b6dca40000 	C:\Users\shaho\.openjfx\cache\22+30\amd64\api-ms-win-crt-private-l1-1-0.dll
0x000001b6dca40000 - 0x000001b6dca43000 	C:\Users\shaho\.openjfx\cache\22+30\amd64\api-ms-win-crt-process-l1-1-0.dll
0x000001b6dca50000 - 0x000001b6dca54000 	C:\Users\shaho\.openjfx\cache\22+30\amd64\api-ms-win-crt-runtime-l1-1-0.dll
0x000001b6dca60000 - 0x000001b6dca64000 	C:\Users\shaho\.openjfx\cache\22+30\amd64\api-ms-win-crt-stdio-l1-1-0.dll
0x000001b6dca70000 - 0x000001b6dca74000 	C:\Users\shaho\.openjfx\cache\22+30\amd64\api-ms-win-crt-string-l1-1-0.dll
0x000001b6dca80000 - 0x000001b6dca83000 	C:\Users\shaho\.openjfx\cache\22+30\amd64\api-ms-win-crt-time-l1-1-0.dll
0x000001b6dca90000 - 0x000001b6dca93000 	C:\Users\shaho\.openjfx\cache\22+30\amd64\api-ms-win-crt-utility-l1-1-0.dll
0x00007ff8c95e0000 - 0x00007ff8c96dc000 	C:\Users\shaho\.openjfx\cache\22+30\amd64\ucrtbase.dll
0x00007ff92c770000 - 0x00007ff92c78b000 	C:\Users\shaho\.openjfx\cache\22+30\amd64\vcruntime140.dll
0x00007ff92d900000 - 0x00007ff92d90c000 	C:\Users\shaho\.openjfx\cache\22+30\amd64\vcruntime140_1.dll
0x00007ff8c9550000 - 0x00007ff8c95de000 	C:\Users\shaho\.openjfx\cache\22+30\amd64\msvcp140.dll
0x00007ff95eca0000 - 0x00007ff95ee3f000 	C:\Windows\System32\ole32.dll
0x00007ff922f60000 - 0x00007ff922f69000 	C:\Users\shaho\.openjfx\cache\22+30\amd64\msvcp140_1.dll
0x00007ff904530000 - 0x00007ff90455f000 	C:\Users\shaho\.openjfx\cache\22+30\amd64\msvcp140_2.dll
0x00007ff904500000 - 0x00007ff90452f000 	C:\Users\shaho\.openjfx\cache\22+30\amd64\prism_d3d.dll
0x00007ff90f1a0000 - 0x00007ff90f349000 	C:\Windows\system32\d3d9.dll
0x00007ff95a560000 - 0x00007ff95a58b000 	C:\Windows\SYSTEM32\dwmapi.dll
0x00007ff95a3f0000 - 0x00007ff95a429000 	C:\Windows\SYSTEM32\dxcore.dll
0x00007ff95a290000 - 0x00007ff95a33b000 	C:\Windows\system32\uxtheme.dll
0x00007ff953730000 - 0x00007ff9537ee000 	C:\Windows\System32\DriverStore\FileRepository\nv_dispi.inf_amd64_362f239e9bd019fc\nvldumdx.dll
0x00007ff95ca90000 - 0x00007ff95caa2000 	C:\Windows\SYSTEM32\msasn1.dll
0x00007ff954ca0000 - 0x00007ff954cd2000 	C:\Windows\SYSTEM32\cryptnet.dll
0x00007ff95d4b0000 - 0x00007ff95d616000 	C:\Windows\System32\CRYPT32.dll
0x00007ff9532b0000 - 0x00007ff953408000 	C:\Windows\SYSTEM32\drvstore.dll
0x00007ff95cab0000 - 0x00007ff95cadc000 	C:\Windows\SYSTEM32\devobj.dll
0x00007ff95cae0000 - 0x00007ff95cb2e000 	C:\Windows\SYSTEM32\cfgmgr32.dll
0x00007ff95c5d0000 - 0x00007ff95c61b000 	C:\Windows\SYSTEM32\wldp.dll
0x00007ff95c680000 - 0x00007ff95c68c000 	C:\Windows\SYSTEM32\cryptbase.dll
0x00007ff95d440000 - 0x00007ff95d4ab000 	C:\Windows\System32\wintrust.dll
0x00007ff95ec80000 - 0x00007ff95ec9f000 	C:\Windows\System32\imagehlp.dll
0x00007ff95c6a0000 - 0x00007ff95c6bb000 	C:\Windows\SYSTEM32\CRYPTSP.dll
0x00007ff95be40000 - 0x00007ff95be75000 	C:\Windows\system32\rsaenh.dll
0x00007ff94cda0000 - 0x00007ff94efbe000 	C:\Windows\System32\DriverStore\FileRepository\nv_dispi.inf_amd64_362f239e9bd019fc\nvgpucomp64.dll
0x00007ff90c710000 - 0x00007ff90eabf000 	C:\Windows\System32\DriverStore\FileRepository\nv_dispi.inf_amd64_362f239e9bd019fc\nvd3dumx.dll
0x00007ff956870000 - 0x00007ff9568ba000 	C:\Windows\SYSTEM32\directxdatabasehelper.dll
0x00007ff8e1fe0000 - 0x00007ff8e2022000 	C:\Users\shaho\.openjfx\cache\22+30\amd64\glass.dll
0x00007ff95e220000 - 0x00007ff95e319000 	C:\Windows\System32\COMDLG32.dll
0x00007ff95f8a0000 - 0x00007ff95f9f4000 	C:\Windows\System32\MSCTF.dll

dbghelp: loaded successfully - version: 4.0.5 - missing functions: none
symbol engine: initialized successfully - sym options: 0x614 - pdb path: .;C:\Program Files\Java\jdk-21\bin;C:\Windows\SYSTEM32;C:\Windows\WinSxS\amd64_microsoft.windows.common-controls_6595b64144ccf1df_6.0.22621.3235_none_270f74e173860f98;C:\Program Files\Java\jdk-21\bin\server;C:\Users\shaho\.openjfx\cache\22+30\amd64;C:\Windows\System32\DriverStore\FileRepository\nv_dispi.inf_amd64_362f239e9bd019fc

VM Arguments:
jvm_args: -Dfile.encoding=windows-1252 -Dsun.stdout.encoding=windows-1252 -Dsun.stderr.encoding=windows-1252 
java_command: C:\Users\shaho\IdeaProjects\Runway-Redeclaration-Tool-SEGP-Group-45\out\artifacts\RunwayRedeclarationTool_jar\RunwayRedeclarationTool.jar
java_class_path (initial): C:\Users\shaho\IdeaProjects\Runway-Redeclaration-Tool-SEGP-Group-45\out\artifacts\RunwayRedeclarationTool_jar\RunwayRedeclarationTool.jar
Launcher Type: SUN_STANDARD

[Global flags]
     intx CICompilerCount                          = 4                                         {product} {ergonomic}
     uint ConcGCThreads                            = 3                                         {product} {ergonomic}
     uint G1ConcRefinementThreads                  = 10                                        {product} {ergonomic}
   size_t G1HeapRegionSize                         = 2097152                                   {product} {ergonomic}
    uintx GCDrainStackTargetSize                   = 64                                        {product} {ergonomic}
   size_t InitialHeapSize                          = 255852544                                 {product} {ergonomic}
   size_t MarkStackSize                            = 4194304                                   {product} {ergonomic}
   size_t MaxHeapSize                              = 4078960640                                {product} {ergonomic}
   size_t MaxNewSize                               = 2447376384                                {product} {ergonomic}
   size_t MinHeapDeltaBytes                        = 2097152                                   {product} {ergonomic}
   size_t MinHeapSize                              = 8388608                                   {product} {ergonomic}
    uintx NonNMethodCodeHeapSize                   = 5839372                                {pd product} {ergonomic}
    uintx NonProfiledCodeHeapSize                  = 122909434                              {pd product} {ergonomic}
    uintx ProfiledCodeHeapSize                     = 122909434                              {pd product} {ergonomic}
    uintx ReservedCodeCacheSize                    = 251658240                              {pd product} {ergonomic}
     bool SegmentedCodeCache                       = true                                      {product} {ergonomic}
   size_t SoftMaxHeapSize                          = 4078960640                             {manageable} {ergonomic}
     bool UseCompressedOops                        = true                           {product lp64_product} {ergonomic}
     bool UseG1GC                                  = true                                      {product} {ergonomic}
     bool UseLargePagesIndividualAllocation        = false                                  {pd product} {ergonomic}

Logging:
Log output configuration:
 #0: stdout all=warning uptime,level,tags foldmultilines=false
 #1: stderr all=off uptime,level,tags foldmultilines=false

Environment Variables:
PATH=C:\Program Files\Common Files\Oracle\Java\javapath;C:\Program Files (x86)\Common Files\Oracle\Java\javapath;C:\Windows\system32;C:\Windows;C:\Windows\System32\Wbem;C:\Windows\System32\WindowsPowerShell\v1.0\;C:\Windows\System32\OpenSSH\;C:\Program Files\NVIDIA Corporation\NVIDIA NvDLISR;C:\Program Files (x86)\NVIDIA Corporation\PhysX\Common;C:\Program Files\Git\cmd;C:\Program Files\wooting-analog-sdk\;C:\Program Files\dotnet\;C:\Users\shaho\AppData\Local\Microsoft\WindowsApps;;C:\Program Files\JetBrains\IntelliJ IDEA 2023.3.4\bin;;C:\Users\shaho\AppData\Local\Programs\Microsoft VS Code\bin;C:\ghcup\bin
USERNAME=shaho
OS=Windows_NT
PROCESSOR_IDENTIFIER=AMD64 Family 25 Model 97 Stepping 2, AuthenticAMD
TMP=C:\Users\shaho\AppData\Local\Temp
TEMP=C:\Users\shaho\AppData\Local\Temp




Periodic native trim disabled

---------------  S Y S T E M  ---------------

OS:
 Windows 11 , 64 bit Build 22621 (10.0.22621.3235)
OS uptime: 0 days 0:37 hours
Hyper-V role detected

CPU: total 12 (initial active 12) (12 cores per cpu, 2 threads per core) family 25 model 97 stepping 2 microcode 0x0, cx8, cmov, fxsr, ht, mmx, 3dnowpref, sse, sse2, sse3, ssse3, sse4a, sse4.1, sse4.2, popcnt, lzcnt, tsc, tscinvbit, avx, avx2, aes, erms, clmul, bmi1, bmi2, adx, avx512f, avx512dq, avx512cd, avx512bw, avx512vl, sha, fma, vzeroupper, avx512_vpopcntdq, avx512_vpclmulqdq, avx512_vaes, avx512_vnni, clflush, clflushopt, avx512_vbmi2, avx512_vbmi, hv, rdtscp, rdpid, fsrm, gfni, avx512_bitalg, f16c, cet_ss, avx512_ifma
Processor Information for all 12 processors :
  Max Mhz: 4701, Current Mhz: 4701, Mhz Limit: 4701

Memory: 4k page, system-wide physical 15553M (5022M free)
TotalPageFile size 38081M (AvailPageFile size 22609M)
current process WorkingSet (physical memory assigned to process): 70M, peak: 70M
current process commit charge ("private bytes"): 351M, peak: 351M

vm_info: Java HotSpot(TM) 64-Bit Server VM (21.0.2+13-LTS-58) for windows-amd64 JRE (21.0.2+13-LTS-58), built on 2024-01-05T18:32:24Z by "mach5one" with MS VC++ 17.1 (VS2022)

END.
